13:05:36.070 [TestNG-tests-1] INFO  testCases.TC001_AccountRegistrationTest - ------Providing customer details------
13:05:36.863 [TestNG-tests-3] INFO  testCases.TC001_AccountRegistrationTest - ********* Starting TC001_AccountRegistrationTest *********
13:05:36.969 [TestNG-tests-3] INFO  testCases.TC001_AccountRegistrationTest - ------Clicked on My Account Link------
13:05:37.521 [TestNG-tests-2] INFO  testCases.TC001_AccountRegistrationTest - ********* Starting TC001_AccountRegistrationTest *********
13:05:37.557 [TestNG-tests-1] INFO  testCases.TC001_AccountRegistrationTest - ------Validating expected message------
13:05:37.603 [TestNG-tests-3] INFO  testCases.TC001_AccountRegistrationTest - ------Clicked on My Register Link------
13:05:37.606 [TestNG-tests-3] INFO  testCases.TC001_AccountRegistrationTest - ------Providing customer details------
13:05:37.630 [TestNG-tests-2] INFO  testCases.TC001_AccountRegistrationTest - ------Clicked on My Account Link------
13:05:38.343 [TestNG-tests-2] INFO  testCases.TC001_AccountRegistrationTest - ------Clicked on My Register Link------
13:05:38.348 [TestNG-tests-2] INFO  testCases.TC001_AccountRegistrationTest - ------Providing customer details------
13:05:39.279 [TestNG-tests-3] INFO  testCases.TC001_AccountRegistrationTest - ------Validating expected message------
13:05:40.103 [TestNG-tests-2] INFO  testCases.TC001_AccountRegistrationTest - ------Validating expected message------
13:11:10.350 [main] DEBUG org.testng.TestNG - suiteXmlPath: "C:\Users\burha\eclipse-workspace\OpencartV121\CrossBrowserTesting.xml"
13:11:10.685 [main] INFO  org.testng.internal.Utils - [TestNG] Running:
  C:\Users\burha\eclipse-workspace\OpencartV121\CrossBrowserTesting.xml

13:11:14.677 [TestNG-tests-1] INFO  testCases.TC001_AccountRegistrationTest - ********* Starting TC001_AccountRegistrationTest *********
13:11:14.808 [TestNG-tests-1] INFO  testCases.TC001_AccountRegistrationTest - ------Clicked on My Account Link------
13:11:15.483 [TestNG-tests-1] INFO  testCases.TC001_AccountRegistrationTest - ------Clicked on My Register Link------
13:11:15.486 [TestNG-tests-1] INFO  testCases.TC001_AccountRegistrationTest - ------Providing customer details------
13:11:16.108 [TestNG-tests-3] INFO  testCases.TC001_AccountRegistrationTest - ********* Starting TC001_AccountRegistrationTest *********
13:11:16.195 [TestNG-tests-3] INFO  testCases.TC001_AccountRegistrationTest - ------Clicked on My Account Link------
13:11:16.854 [TestNG-tests-2] INFO  testCases.TC001_AccountRegistrationTest - ********* Starting TC001_AccountRegistrationTest *********
13:11:16.864 [TestNG-tests-3] INFO  testCases.TC001_AccountRegistrationTest - ------Clicked on My Register Link------
13:11:16.866 [TestNG-tests-3] INFO  testCases.TC001_AccountRegistrationTest - ------Providing customer details------
13:11:17.125 [TestNG-tests-2] INFO  testCases.TC001_AccountRegistrationTest - ------Clicked on My Account Link------
13:11:17.953 [TestNG-tests-1] INFO  testCases.TC001_AccountRegistrationTest - ------Validating expected message------
13:11:18.018 [TestNG-tests-1] INFO  testCases.TC001_AccountRegistrationTest - ********* Finished TC001_AccountRegistrationTest *********
13:11:18.061 [TestNG-tests-2] INFO  testCases.TC001_AccountRegistrationTest - ------Clicked on My Register Link------
13:11:18.063 [TestNG-tests-2] INFO  testCases.TC001_AccountRegistrationTest - ------Providing customer details------
13:11:18.823 [TestNG-tests-3] INFO  testCases.TC001_AccountRegistrationTest - ------Validating expected message------
13:11:18.878 [TestNG-tests-3] INFO  testCases.TC001_AccountRegistrationTest - ********* Finished TC001_AccountRegistrationTest *********
13:11:19.661 [TestNG-tests-2] INFO  testCases.TC001_AccountRegistrationTest - ------Validating expected message------
13:11:19.685 [TestNG-tests-2] INFO  testCases.TC001_AccountRegistrationTest - ********* Finished TC001_AccountRegistrationTest *********
13:16:10.433 [main] DEBUG org.testng.TestNG - suiteXmlPath: "C:\Users\burha\eclipse-workspace\OpencartV121\CrossBrowserTesting.xml"
13:16:10.774 [main] INFO  org.testng.internal.Utils - [TestNG] Running:
  C:\Users\burha\eclipse-workspace\OpencartV121\CrossBrowserTesting.xml

13:16:14.874 [TestNG-tests-1] INFO  testCases.TC001_AccountRegistrationTest - ********* Starting TC001_AccountRegistrationTest *********
13:16:14.965 [TestNG-tests-1] INFO  testCases.TC001_AccountRegistrationTest - ------Clicked on My Account Link------
13:16:15.575 [TestNG-tests-1] INFO  testCases.TC001_AccountRegistrationTest - ------Clicked on My Register Link------
13:16:15.577 [TestNG-tests-1] INFO  testCases.TC001_AccountRegistrationTest - ------Providing customer details------
13:16:16.130 [TestNG-tests-3] INFO  testCases.TC001_AccountRegistrationTest - ********* Starting TC001_AccountRegistrationTest *********
13:16:16.194 [TestNG-tests-3] INFO  testCases.TC001_AccountRegistrationTest - ------Clicked on My Account Link------
