10:43:22.455 [main] INFO  org.testng.internal.Utils - [TestNG] Running:
  C:\Users\burha\eclipse-workspace\OpencartV121\master.xml

10:43:27.613 [main] INFO  testCases.TC001_AccountRegistrationTest - ********* Starting TC001_AccountRegistrationTest *********
10:43:27.708 [main] INFO  testCases.TC001_AccountRegistrationTest - ------Clicked on My Account Link------
10:43:28.715 [main] INFO  testCases.TC001_AccountRegistrationTest - ------Clicked on My Register Link------
10:43:28.718 [main] INFO  testCases.TC001_AccountRegistrationTest - ------Providing customer details------
10:43:30.783 [main] INFO  testCases.TC001_AccountRegistrationTest - ------Validating expected message------
10:43:30.853 [main] INFO  testCases.TC001_AccountRegistrationTest - ********* Finished TC001_AccountRegistrationTest *********
10:43:35.376 [main] INFO  testCases.TC002_LoginTest - *****Starting TC_002_LoginTest*****
10:43:37.402 [main] INFO  testCases.TC002_LoginTest - *****Finished TC_002_LoginTest*****
10:50:38.601 [main] INFO  testCases.TC001_AccountRegistrationTest - ********* Starting TC001_AccountRegistrationTest *********
10:50:38.695 [main] INFO  testCases.TC001_AccountRegistrationTest - ------Clicked on My Account Link------
10:50:39.605 [main] INFO  testCases.TC001_AccountRegistrationTest - ------Clicked on My Register Link------
10:50:39.605 [main] INFO  testCases.TC001_AccountRegistrationTest - ------Providing customer details------
10:50:41.549 [main] INFO  testCases.TC001_AccountRegistrationTest - ------Validating expected message------
10:50:41.598 [main] INFO  testCases.TC001_AccountRegistrationTest - ********* Finished TC001_AccountRegistrationTest *********
10:50:46.166 [main] INFO  testCases.TC002_LoginTest - *****Starting TC_002_LoginTest*****
10:50:48.367 [main] INFO  testCases.TC002_LoginTest - *****Finished TC_002_LoginTest*****
10:56:15.243 [main] INFO  testCases.TC001_AccountRegistrationTest - ********* Starting TC001_AccountRegistrationTest *********
10:56:15.346 [main] INFO  testCases.TC001_AccountRegistrationTest - ------Clicked on My Account Link------
10:56:16.288 [main] INFO  testCases.TC001_AccountRegistrationTest - ------Clicked on My Register Link------
10:56:16.288 [main] INFO  testCases.TC001_AccountRegistrationTest - ------Providing customer details------
10:56:18.039 [main] INFO  testCases.TC001_AccountRegistrationTest - ------Validating expected message------
10:56:18.078 [main] INFO  testCases.TC001_AccountRegistrationTest - ********* Finished TC001_AccountRegistrationTest *********
10:56:22.640 [main] INFO  testCases.TC002_LoginTest - *****Starting TC_002_LoginTest*****
10:56:24.652 [main] INFO  testCases.TC002_LoginTest - *****Finished TC_002_LoginTest*****
