15:25:40.503 [main] DEBUG org.testng.TestNG - suiteXmlPath: "C:\Users\burha\eclipse-workspace\OpencartV121\master.xml"
15:25:40.819 [main] INFO  org.testng.internal.Utils - [TestNG] Running:
  C:\Users\burha\eclipse-workspace\OpencartV121\master.xml

15:25:41.076 [main] INFO  testCases.TC001_AccountRegistrationTest - ********* Starting TC001_AccountRegistrationTest *********
15:25:41.138 [main] INFO  testCases.TC002_LoginTest - *****Starting TC_002_LoginTest*****
15:26:54.942 [main] DEBUG org.testng.TestNG - suiteXmlPath: "C:\Users\burha\eclipse-workspace\OpencartV121\master.xml"
15:26:55.218 [main] INFO  org.testng.internal.Utils - [TestNG] Running:
  C:\Users\burha\eclipse-workspace\OpencartV121\master.xml

15:27:00.586 [main] INFO  testCases.TC001_AccountRegistrationTest - ********* Starting TC001_AccountRegistrationTest *********
15:27:00.722 [main] INFO  testCases.TC001_AccountRegistrationTest - ------Clicked on My Account Link------
15:27:01.601 [main] INFO  testCases.TC001_AccountRegistrationTest - ------Clicked on My Register Link------
15:27:01.602 [main] INFO  testCases.TC001_AccountRegistrationTest - ------Providing customer details------
15:27:07.259 [main] INFO  testCases.TC001_AccountRegistrationTest - ------Validating expected message------
15:27:07.318 [main] INFO  testCases.TC001_AccountRegistrationTest - ********* Finished TC001_AccountRegistrationTest *********
15:27:12.964 [main] INFO  testCases.TC002_LoginTest - *****Starting TC_002_LoginTest*****
15:27:15.012 [main] INFO  testCases.TC002_LoginTest - *****Finished TC_002_LoginTest*****
15:27:42.525 [main] DEBUG org.testng.TestNG - suiteXmlPath: "C:\Users\burha\eclipse-workspace\OpencartV121\master.xml"
15:27:42.859 [main] INFO  org.testng.internal.Utils - [TestNG] Running:
  C:\Users\burha\eclipse-workspace\OpencartV121\master.xml

15:27:49.550 [main] INFO  testCases.TC001_AccountRegistrationTest - ********* Starting TC001_AccountRegistrationTest *********
15:27:49.651 [main] INFO  testCases.TC001_AccountRegistrationTest - ------Clicked on My Account Link------
15:27:50.509 [main] INFO  testCases.TC001_AccountRegistrationTest - ------Clicked on My Register Link------
15:27:50.511 [main] INFO  testCases.TC001_AccountRegistrationTest - ------Providing customer details------
15:27:57.133 [main] INFO  testCases.TC001_AccountRegistrationTest - ------Validating expected message------
15:27:57.183 [main] INFO  testCases.TC001_AccountRegistrationTest - ********* Finished TC001_AccountRegistrationTest *********
15:28:02.825 [main] INFO  testCases.TC002_LoginTest - *****Starting TC_002_LoginTest*****
15:28:10.221 [main] INFO  testCases.TC002_LoginTest - *****Finished TC_002_LoginTest*****
15:33:13.067 [main] DEBUG org.testng.TestNG - suiteXmlPath: "C:\Users\burha\eclipse-workspace\OpencartV121\CrossBrowserTesting.xml"
15:33:13.393 [main] INFO  org.testng.internal.Utils - [TestNG] Running:
  C:\Users\burha\eclipse-workspace\OpencartV121\CrossBrowserTesting.xml

15:33:21.157 [TestNG-tests-1] INFO  testCases.TC001_AccountRegistrationTest - ********* Starting TC001_AccountRegistrationTest *********
15:33:21.199 [TestNG-tests-2] INFO  testCases.TC001_AccountRegistrationTest - ********* Starting TC001_AccountRegistrationTest *********
15:33:21.555 [TestNG-tests-1] INFO  testCases.TC001_AccountRegistrationTest - ------Clicked on My Account Link------
15:33:21.782 [TestNG-tests-2] INFO  testCases.TC001_AccountRegistrationTest - ------Clicked on My Account Link------
19:10:54.117 [main] DEBUG org.testng.TestNG - suiteXmlPath: "C:\Users\burha\eclipse-workspace\OpencartV121\master.xml"
19:10:54.509 [main] INFO  org.testng.internal.Utils - [TestNG] Running:
  C:\Users\burha\eclipse-workspace\OpencartV121\master.xml

19:11:00.918 [main] INFO  testCases.TC001_AccountRegistrationTest - ********* Starting TC001_AccountRegistrationTest *********
19:11:01.097 [main] INFO  testCases.TC001_AccountRegistrationTest - ------Clicked on My Account Link------
19:11:01.996 [main] INFO  testCases.TC001_AccountRegistrationTest - ------Clicked on My Register Link------
19:11:02.000 [main] INFO  testCases.TC001_AccountRegistrationTest - ------Providing customer details------
19:11:04.112 [main] INFO  testCases.TC001_AccountRegistrationTest - ------Validating expected message------
19:11:04.192 [main] INFO  testCases.TC001_AccountRegistrationTest - ********* Finished TC001_AccountRegistrationTest *********
19:11:08.465 [main] INFO  testCases.TC002_LoginTest - *****Starting TC_002_LoginTest*****
19:11:10.877 [main] INFO  testCases.TC002_LoginTest - *****Finished TC_002_LoginTest*****
19:12:12.631 [main] DEBUG org.testng.TestNG - suiteXmlPath: "C:\Users\burha\eclipse-workspace\OpencartV121\master.xml"
19:12:12.990 [main] INFO  org.testng.internal.Utils - [TestNG] Running:
  C:\Users\burha\eclipse-workspace\OpencartV121\master.xml

19:12:18.020 [main] INFO  testCases.TC001_AccountRegistrationTest - ********* Starting TC001_AccountRegistrationTest *********
